Analysis & Synthesis report for DE2_TOP
Wed Feb 15 22:47:03 2012
Quartus II Version 7.2 Build 151 09/26/2007 SJ Full Version


---------------------
; Table of Contents ;
---------------------
  1. Legal Notice
  2. Analysis & Synthesis Summary
  3. Analysis & Synthesis Settings
  4. Analysis & Synthesis Source Files Read
  5. Analysis & Synthesis Resource Usage Summary
  6. Analysis & Synthesis Resource Utilization by Entity
  7. Analysis & Synthesis RAM Summary
  8. General Register Statistics
  9. Registers Packed Into Inferred Megafunctions
 10. Multiplexer Restructuring Statistics (Restructuring Performed)
 11. Source assignments for lab1:U1|raminfr:raminfrUnit|altsyncram:RAM_rtl_0|altsyncram_i2a1:auto_generated
 12. Parameter Settings for Inferred Entity Instance: lab1:U1|raminfr:raminfrUnit|altsyncram:RAM_rtl_0
 13. Analysis & Synthesis Messages



----------------
; Legal Notice ;
----------------
Copyright (C) 1991-2007 Altera Corporation
Your use of Altera Corporation's design tools, logic functions 
and other software and tools, and its AMPP partner logic 
functions, and any output files from any of the foregoing 
(including device programming or simulation files), and any 
associated documentation or information are expressly subject 
to the terms and conditions of the Altera Program License 
Subscription Agreement, Altera MegaCore Function License 
Agreement, or other applicable license agreement, including, 
without limitation, that your use is for the sole purpose of 
programming logic devices manufactured by Altera and sold by 
Altera or its authorized distributors.  Please refer to the 
applicable agreement for further details.



+-------------------------------------------------------------------------------+
; Analysis & Synthesis Summary                                                  ;
+------------------------------------+------------------------------------------+
; Analysis & Synthesis Status        ; Successful - Wed Feb 15 22:47:03 2012    ;
; Quartus II Version                 ; 7.2 Build 151 09/26/2007 SJ Full Version ;
; Revision Name                      ; DE2_TOP                                  ;
; Top-level Entity Name              ; DE2_TOP                                  ;
; Family                             ; Cyclone II                               ;
; Total logic elements               ; 55                                       ;
;     Total combinational functions  ; 55                                       ;
;     Dedicated logic registers      ; 23                                       ;
; Total registers                    ; 23                                       ;
; Total pins                         ; 425                                      ;
; Total virtual pins                 ; 0                                        ;
; Total memory bits                  ; 128                                      ;
; Embedded Multiplier 9-bit elements ; 0                                        ;
; Total PLLs                         ; 0                                        ;
+------------------------------------+------------------------------------------+


+--------------------------------------------------------------------------------------------------------------------------+
; Analysis & Synthesis Settings                                                                                            ;
+--------------------------------------------------------------------------------+--------------------+--------------------+
; Option                                                                         ; Setting            ; Default Value      ;
+--------------------------------------------------------------------------------+--------------------+--------------------+
; Device                                                                         ; EP2C35F672C6       ;                    ;
; Top-level entity name                                                          ; DE2_TOP            ; DE2_TOP            ;
; Family name                                                                    ; Cyclone II         ; Stratix II         ;
; Type of Retiming Performed During Resynthesis                                  ; Full               ;                    ;
; Resynthesis Optimization Effort                                                ; Normal             ;                    ;
; Physical Synthesis Level for Resynthesis                                       ; Normal             ;                    ;
; Use Generated Physical Constraints File                                        ; On                 ;                    ;
; Use smart compilation                                                          ; Off                ; Off                ;
; Maximum processors allowed for parallel compilation                            ; 1                  ; 1                  ;
; Restructure Multiplexers                                                       ; Auto               ; Auto               ;
; Create Debugging Nodes for IP Cores                                            ; Off                ; Off                ;
; Preserve fewer node names                                                      ; On                 ; On                 ;
; Disable OpenCore Plus hardware evaluation                                      ; Off                ; Off                ;
; Verilog Version                                                                ; Verilog_2001       ; Verilog_2001       ;
; VHDL Version                                                                   ; VHDL93             ; VHDL93             ;
; State Machine Processing                                                       ; Auto               ; Auto               ;
; Safe State Machine                                                             ; Off                ; Off                ;
; Extract Verilog State Machines                                                 ; On                 ; On                 ;
; Extract VHDL State Machines                                                    ; On                 ; On                 ;
; Ignore Verilog initial constructs                                              ; Off                ; Off                ;
; Add Pass-Through Logic to Inferred RAMs                                        ; On                 ; On                 ;
; Parallel Synthesis                                                             ; Off                ; Off                ;
; DSP Block Balancing                                                            ; Auto               ; Auto               ;
; NOT Gate Push-Back                                                             ; On                 ; On                 ;
; Power-Up Don't Care                                                            ; On                 ; On                 ;
; Remove Redundant Logic Cells                                                   ; Off                ; Off                ;
; Remove Duplicate Registers                                                     ; On                 ; On                 ;
; Ignore CARRY Buffers                                                           ; Off                ; Off                ;
; Ignore CASCADE Buffers                                                         ; Off                ; Off                ;
; Ignore GLOBAL Buffers                                                          ; Off                ; Off                ;
; Ignore ROW GLOBAL Buffers                                                      ; Off                ; Off                ;
; Ignore LCELL Buffers                                                           ; Off                ; Off                ;
; Ignore SOFT Buffers                                                            ; On                 ; On                 ;
; Limit AHDL Integers to 32 Bits                                                 ; Off                ; Off                ;
; Optimization Technique -- Cyclone II/Cyclone III                               ; Balanced           ; Balanced           ;
; Carry Chain Length -- Stratix/Stratix GX/Cyclone/MAX II/Cyclone II/Cyclone III ; 70                 ; 70                 ;
; Auto Carry Chains                                                              ; On                 ; On                 ;
; Auto Open-Drain Pins                                                           ; On                 ; On                 ;
; Perform WYSIWYG Primitive Resynthesis                                          ; Off                ; Off                ;
; Perform gate-level register retiming                                           ; Off                ; Off                ;
; Allow register retiming to trade off Tsu/Tco with Fmax                         ; On                 ; On                 ;
; Auto ROM Replacement                                                           ; On                 ; On                 ;
; Auto RAM Replacement                                                           ; On                 ; On                 ;
; Auto Shift Register Replacement                                                ; Auto               ; Auto               ;
; Auto Clock Enable Replacement                                                  ; On                 ; On                 ;
; Allow Synchronous Control Signals                                              ; On                 ; On                 ;
; Force Use of Synchronous Clear Signals                                         ; Off                ; Off                ;
; Auto RAM to Logic Cell Conversion                                              ; Off                ; Off                ;
; Auto Resource Sharing                                                          ; Off                ; Off                ;
; Allow Any RAM Size For Recognition                                             ; Off                ; Off                ;
; Allow Any ROM Size For Recognition                                             ; Off                ; Off                ;
; Allow Any Shift Register Size For Recognition                                  ; Off                ; Off                ;
; Ignore translate_off and synthesis_off directives                              ; Off                ; Off                ;
; Show Parameter Settings Tables in Synthesis Report                             ; On                 ; On                 ;
; Ignore Maximum Fan-Out Assignments                                             ; Off                ; Off                ;
; Retiming Meta-Stability Register Sequence Length                               ; 2                  ; 2                  ;
; PowerPlay Power Optimization                                                   ; Normal compilation ; Normal compilation ;
; HDL message level                                                              ; Level2             ; Level2             ;
; Suppress Register Optimization Related Messages                                ; Off                ; Off                ;
; Number of Removed Registers Reported in Synthesis Report                       ; 100                ; 100                ;
; Clock MUX Protection                                                           ; On                 ; On                 ;
; Block Design Naming                                                            ; Auto               ; Auto               ;
+--------------------------------------------------------------------------------+--------------------+--------------------+


+-----------------------------------------------------------------------------------------------------------------------------------------------------------------+
; Analysis & Synthesis Source Files Read                                                                                                                          ;
+----------------------------------+-----------------+------------------------------+-----------------------------------------------------------------------------+
; File Name with User-Entered Path ; Used in Netlist ; File Type                    ; File Name with Absolute Path                                                ;
+----------------------------------+-----------------+------------------------------+-----------------------------------------------------------------------------+
; lab1.vhd                         ; yes             ; User VHDL File               ; /home/user2/spring12/asc2171/csee4840/lab1/lab1.vhd                         ;
; raminfr.vhd                      ; yes             ; User VHDL File               ; /home/user2/spring12/asc2171/csee4840/lab1/raminfr.vhd                      ;
; hexdecoder.vhd                   ; yes             ; User VHDL File               ; /home/user2/spring12/asc2171/csee4840/lab1/hexdecoder.vhd                   ;
; DE2_TOP.vhd                      ; yes             ; User VHDL File               ; /home/user2/spring12/asc2171/csee4840/lab1/DE2_TOP.vhd                      ;
; ctrl.vhd                         ; yes             ; User VHDL File               ; /home/user2/spring12/asc2171/csee4840/lab1/ctrl.vhd                         ;
; altsyncram.tdf                   ; yes             ; Megafunction                 ; /opt/altera/altera7.2/quartus/libraries/megafunctions/altsyncram.tdf        ;
; stratix_ram_block.inc            ; yes             ; Megafunction                 ; /opt/altera/altera7.2/quartus/libraries/megafunctions/stratix_ram_block.inc ;
; lpm_mux.inc                      ; yes             ; Megafunction                 ; /opt/altera/altera7.2/quartus/libraries/megafunctions/lpm_mux.inc           ;
; lpm_decode.inc                   ; yes             ; Megafunction                 ; /opt/altera/altera7.2/quartus/libraries/megafunctions/lpm_decode.inc        ;
; aglobal72.inc                    ; yes             ; Megafunction                 ; /opt/altera/altera7.2/quartus/libraries/megafunctions/aglobal72.inc         ;
; a_rdenreg.inc                    ; yes             ; Megafunction                 ; /opt/altera/altera7.2/quartus/libraries/megafunctions/a_rdenreg.inc         ;
; altrom.inc                       ; yes             ; Megafunction                 ; /opt/altera/altera7.2/quartus/libraries/megafunctions/altrom.inc            ;
; altram.inc                       ; yes             ; Megafunction                 ; /opt/altera/altera7.2/quartus/libraries/megafunctions/altram.inc            ;
; altdpram.inc                     ; yes             ; Megafunction                 ; /opt/altera/altera7.2/quartus/libraries/megafunctions/altdpram.inc          ;
; altqpram.inc                     ; yes             ; Megafunction                 ; /opt/altera/altera7.2/quartus/libraries/megafunctions/altqpram.inc          ;
; db/altsyncram_i2a1.tdf           ; yes             ; Auto-Generated Megafunction  ; /home/user2/spring12/asc2171/csee4840/lab1/db/altsyncram_i2a1.tdf           ;
+----------------------------------+-----------------+------------------------------+-----------------------------------------------------------------------------+


+--------------------------------------------------------+
; Analysis & Synthesis Resource Usage Summary            ;
+---------------------------------------------+----------+
; Resource                                    ; Usage    ;
+---------------------------------------------+----------+
; Estimated Total logic elements              ; 55       ;
;                                             ;          ;
; Total combinational functions               ; 55       ;
; Logic element usage by number of LUT inputs ;          ;
;     -- 4 input functions                    ; 29       ;
;     -- 3 input functions                    ; 11       ;
;     -- <=2 input functions                  ; 15       ;
;                                             ;          ;
; Logic elements by mode                      ;          ;
;     -- normal mode                          ; 37       ;
;     -- arithmetic mode                      ; 18       ;
;                                             ;          ;
; Total registers                             ; 23       ;
;     -- Dedicated logic registers            ; 23       ;
;     -- I/O registers                        ; 0        ;
;                                             ;          ;
; I/O pins                                    ; 425      ;
; Total memory bits                           ; 128      ;
; Maximum fan-out node                        ; CLOCK_50 ;
; Maximum fan-out                             ; 31       ;
; Total fan-out                               ; 321      ;
; Average fan-out                             ; 0.63     ;
+---------------------------------------------+----------+


+--------------------------------------------------------------------------------------------------------------------------------------------------------------------------------------------------------------------------------------------------------------------+
; Analysis & Synthesis Resource Utilization by Entity                                                                                                                                                                                                                ;
+----------------------------------------------+-------------------+--------------+-------------+--------------+---------+-----------+------+--------------+------------------------------------------------------------------------------------------+--------------+
; Compilation Hierarchy Node                   ; LC Combinationals ; LC Registers ; Memory Bits ; DSP Elements ; DSP 9x9 ; DSP 18x18 ; Pins ; Virtual Pins ; Full Hierarchy Name                                                                      ; Library Name ;
+----------------------------------------------+-------------------+--------------+-------------+--------------+---------+-----------+------+--------------+------------------------------------------------------------------------------------------+--------------+
; |DE2_TOP                                     ; 55 (0)            ; 23 (0)       ; 128         ; 0            ; 0       ; 0         ; 425  ; 0            ; |DE2_TOP                                                                                 ; work         ;
;    |lab1:U1|                                 ; 55 (0)            ; 23 (0)       ; 128         ; 0            ; 0       ; 0         ; 0    ; 0            ; |DE2_TOP|lab1:U1                                                                         ; work         ;
;       |ctrl:ctrlUnit|                        ; 34 (34)           ; 23 (23)      ; 0           ; 0            ; 0       ; 0         ; 0    ; 0            ; |DE2_TOP|lab1:U1|ctrl:ctrlUnit                                                           ; work         ;
;       |hexdecoder:hexdec4|                   ; 7 (7)             ; 0 (0)        ; 0           ; 0            ; 0       ; 0         ; 0    ; 0            ; |DE2_TOP|lab1:U1|hexdecoder:hexdec4                                                      ; work         ;
;       |hexdecoder:hexdec5|                   ; 7 (7)             ; 0 (0)        ; 0           ; 0            ; 0       ; 0         ; 0    ; 0            ; |DE2_TOP|lab1:U1|hexdecoder:hexdec5                                                      ; work         ;
;       |hexdecoder:hexdec6|                   ; 7 (7)             ; 0 (0)        ; 0           ; 0            ; 0       ; 0         ; 0    ; 0            ; |DE2_TOP|lab1:U1|hexdecoder:hexdec6                                                      ; work         ;
;       |raminfr:raminfrUnit|                  ; 0 (0)             ; 0 (0)        ; 128         ; 0            ; 0       ; 0         ; 0    ; 0            ; |DE2_TOP|lab1:U1|raminfr:raminfrUnit                                                     ; work         ;
;          |altsyncram:RAM_rtl_0|              ; 0 (0)             ; 0 (0)        ; 128         ; 0            ; 0       ; 0         ; 0    ; 0            ; |DE2_TOP|lab1:U1|raminfr:raminfrUnit|altsyncram:RAM_rtl_0                                ; work         ;
;             |altsyncram_i2a1:auto_generated| ; 0 (0)             ; 0 (0)        ; 128         ; 0            ; 0       ; 0         ; 0    ; 0            ; |DE2_TOP|lab1:U1|raminfr:raminfrUnit|altsyncram:RAM_rtl_0|altsyncram_i2a1:auto_generated ; work         ;
+----------------------------------------------+-------------------+--------------+-------------+--------------+---------+-----------+------+--------------+------------------------------------------------------------------------------------------+--------------+
Note: For table entries with two numbers listed, the numbers in parentheses indicate the number of resources of the given type used by the specific entity alone. The numbers listed outside of parentheses indicate the total resources of the given type used by the specific entity and all of its sub-entities in the hierarchy.


+----------------------------------------------------------------------------------------------------------------------------------------------------------------------------------------------------------------------+
; Analysis & Synthesis RAM Summary                                                                                                                                                                                     ;
+--------------------------------------------------------------------------------------------+------+-------------+--------------+--------------+--------------+--------------+------+---------------------------------+
; Name                                                                                       ; Type ; Mode        ; Port A Depth ; Port A Width ; Port B Depth ; Port B Width ; Size ; MIF                             ;
+--------------------------------------------------------------------------------------------+------+-------------+--------------+--------------+--------------+--------------+------+---------------------------------+
; lab1:U1|raminfr:raminfrUnit|altsyncram:RAM_rtl_0|altsyncram_i2a1:auto_generated|ALTSYNCRAM ; AUTO ; Single Port ; 16           ; 8            ; --           ; --           ; 128  ; db/ram0_raminfr_80fe29f.hdl.mif ;
+--------------------------------------------------------------------------------------------+------+-------------+--------------+--------------+--------------+--------------+------+---------------------------------+


+------------------------------------------------------+
; General Register Statistics                          ;
+----------------------------------------------+-------+
; Statistic                                    ; Value ;
+----------------------------------------------+-------+
; Total registers                              ; 23    ;
; Number of registers using Synchronous Clear  ; 9     ;
; Number of registers using Synchronous Load   ; 0     ;
; Number of registers using Asynchronous Clear ; 0     ;
; Number of registers using Asynchronous Load  ; 0     ;
; Number of registers using Clock Enable       ; 11    ;
; Number of registers using Preset             ; 0     ;
+----------------------------------------------+-------+


+-----------------------------------------------------------------------------------+
; Registers Packed Into Inferred Megafunctions                                      ;
+---------------------------------------+------------------------------------+------+
; Register Name                         ; Megafunction                       ; Type ;
+---------------------------------------+------------------------------------+------+
; lab1:U1|raminfr:raminfrUnit|read_a[0] ; lab1:U1|raminfr:raminfrUnit|RAM~13 ; RAM  ;
; lab1:U1|raminfr:raminfrUnit|read_a[1] ; lab1:U1|raminfr:raminfrUnit|RAM~13 ; RAM  ;
; lab1:U1|raminfr:raminfrUnit|read_a[2] ; lab1:U1|raminfr:raminfrUnit|RAM~13 ; RAM  ;
; lab1:U1|raminfr:raminfrUnit|read_a[3] ; lab1:U1|raminfr:raminfrUnit|RAM~13 ; RAM  ;
+---------------------------------------+------------------------------------+------+


+------------------------------------------------------------------------------------------------------------------------------------------------------------+
; Multiplexer Restructuring Statistics (Restructuring Performed)                                                                                             ;
+--------------------+-----------+---------------+----------------------+------------------------+------------+----------------------------------------------+
; Multiplexer Inputs ; Bus Width ; Baseline Area ; Area if Restructured ; Saving if Restructured ; Registered ; Example Multiplexer Output                   ;
+--------------------+-----------+---------------+----------------------+------------------------+------------+----------------------------------------------+
; 3:1                ; 4 bits    ; 8 LEs         ; 0 LEs                ; 8 LEs                  ; Yes        ; |DE2_TOP|lab1:U1|ctrl:ctrlUnit|address[3]    ;
; 3:1                ; 8 bits    ; 16 LEs        ; 0 LEs                ; 16 LEs                 ; Yes        ; |DE2_TOP|lab1:U1|ctrl:ctrlUnit|datain[0]     ;
; 3:1                ; 9 bits    ; 18 LEs        ; 9 LEs                ; 9 LEs                  ; Yes        ; |DE2_TOP|lab1:U1|ctrl:ctrlUnit|countClock[8] ;
+--------------------+-----------+---------------+----------------------+------------------------+------------+----------------------------------------------+


+--------------------------------------------------------------------------------------------------------+
; Source assignments for lab1:U1|raminfr:raminfrUnit|altsyncram:RAM_rtl_0|altsyncram_i2a1:auto_generated ;
+---------------------------------+--------------------+------+------------------------------------------+
; Assignment                      ; Value              ; From ; To                                       ;
+---------------------------------+--------------------+------+------------------------------------------+
; OPTIMIZE_POWER_DURING_SYNTHESIS ; NORMAL_COMPILATION ; -    ; -                                        ;
+---------------------------------+--------------------+------+------------------------------------------+


+---------------------------------------------------------------------------------------------------+
; Parameter Settings for Inferred Entity Instance: lab1:U1|raminfr:raminfrUnit|altsyncram:RAM_rtl_0 ;
+------------------------------------+---------------------------------+----------------------------+
; Parameter Name                     ; Value                           ; Type                       ;
+------------------------------------+---------------------------------+----------------------------+
; BYTE_SIZE_BLOCK                    ; 8                               ; Untyped                    ;
; AUTO_CARRY_CHAINS                  ; ON                              ; AUTO_CARRY                 ;
; IGNORE_CARRY_BUFFERS               ; OFF                             ; IGNORE_CARRY               ;
; AUTO_CASCADE_CHAINS                ; ON                              ; AUTO_CASCADE               ;
; IGNORE_CASCADE_BUFFERS             ; OFF                             ; IGNORE_CASCADE             ;
; WIDTH_BYTEENA                      ; 1                               ; Untyped                    ;
; OPERATION_MODE                     ; SINGLE_PORT                     ; Untyped                    ;
; WIDTH_A                            ; 8                               ; Untyped                    ;
; WIDTHAD_A                          ; 4                               ; Untyped                    ;
; NUMWORDS_A                         ; 16                              ; Untyped                    ;
; OUTDATA_REG_A                      ; UNREGISTERED                    ; Untyped                    ;
; ADDRESS_ACLR_A                     ; NONE                            ; Untyped                    ;
; OUTDATA_ACLR_A                     ; NONE                            ; Untyped                    ;
; WRCONTROL_ACLR_A                   ; NONE                            ; Untyped                    ;
; INDATA_ACLR_A                      ; NONE                            ; Untyped                    ;
; BYTEENA_ACLR_A                     ; NONE                            ; Untyped                    ;
; WIDTH_B                            ; 1                               ; Untyped                    ;
; WIDTHAD_B                          ; 1                               ; Untyped                    ;
; NUMWORDS_B                         ; 1                               ; Untyped                    ;
; INDATA_REG_B                       ; CLOCK1                          ; Untyped                    ;
; WRCONTROL_WRADDRESS_REG_B          ; CLOCK1                          ; Untyped                    ;
; RDCONTROL_REG_B                    ; CLOCK1                          ; Untyped                    ;
; ADDRESS_REG_B                      ; CLOCK1                          ; Untyped                    ;
; OUTDATA_REG_B                      ; UNREGISTERED                    ; Untyped                    ;
; BYTEENA_REG_B                      ; CLOCK1                          ; Untyped                    ;
; INDATA_ACLR_B                      ; NONE                            ; Untyped                    ;
; WRCONTROL_ACLR_B                   ; NONE                            ; Untyped                    ;
; ADDRESS_ACLR_B                     ; NONE                            ; Untyped                    ;
; OUTDATA_ACLR_B                     ; NONE                            ; Untyped                    ;
; RDCONTROL_ACLR_B                   ; NONE                            ; Untyped                    ;
; BYTEENA_ACLR_B                     ; NONE                            ; Untyped                    ;
; WIDTH_BYTEENA_A                    ; 1                               ; Untyped                    ;
; WIDTH_BYTEENA_B                    ; 1                               ; Untyped                    ;
; RAM_BLOCK_TYPE                     ; AUTO                            ; Untyped                    ;
; BYTE_SIZE                          ; 8                               ; Untyped                    ;
; READ_DURING_WRITE_MODE_MIXED_PORTS ; DONT_CARE                       ; Untyped                    ;
; READ_DURING_WRITE_MODE_PORT_A      ; NEW_DATA_NO_NBE_READ            ; Untyped                    ;
; READ_DURING_WRITE_MODE_PORT_B      ; NEW_DATA_NO_NBE_READ            ; Untyped                    ;
; INIT_FILE                          ; db/ram0_raminfr_80fe29f.hdl.mif ; Untyped                    ;
; INIT_FILE_LAYOUT                   ; PORT_A                          ; Untyped                    ;
; MAXIMUM_DEPTH                      ; 0                               ; Untyped                    ;
; CLOCK_ENABLE_INPUT_A               ; NORMAL                          ; Untyped                    ;
; CLOCK_ENABLE_INPUT_B               ; NORMAL                          ; Untyped                    ;
; CLOCK_ENABLE_OUTPUT_A              ; NORMAL                          ; Untyped                    ;
; CLOCK_ENABLE_OUTPUT_B              ; NORMAL                          ; Untyped                    ;
; CLOCK_ENABLE_CORE_A                ; USE_INPUT_CLKEN                 ; Untyped                    ;
; CLOCK_ENABLE_CORE_B                ; USE_INPUT_CLKEN                 ; Untyped                    ;
; ENABLE_ECC                         ; FALSE                           ; Untyped                    ;
; DEVICE_FAMILY                      ; Cyclone II                      ; Untyped                    ;
; CBXI_PARAMETER                     ; altsyncram_i2a1                 ; Untyped                    ;
+------------------------------------+---------------------------------+----------------------------+
Note: In order to hide this table in the UI and the text report file, please set the "Show Parameter Settings Tables in Synthesis Report" option in "Analysis and Synthesis Settings -> More Settings" to "Off".


+-------------------------------+
; Analysis & Synthesis Messages ;
+-------------------------------+
Info: *******************************************************************
Info: Running Quartus II Analysis & Synthesis
    Info: Version 7.2 Build 151 09/26/2007 SJ Full Version
    Info: Processing started: Wed Feb 15 22:47:00 2012
Info: Command: quartus_map --read_settings_files=on --write_settings_files=off DE2_TOP -c DE2_TOP
Info: Found 2 design units, including 1 entities, in source file lab1.vhd
    Info: Found design unit 1: lab1-RTL1
    Info: Found entity 1: lab1
Info: Found 2 design units, including 1 entities, in source file raminfr.vhd
    Info: Found design unit 1: raminfr-rtl
    Info: Found entity 1: raminfr
Info: Found 2 design units, including 1 entities, in source file hexdecoder.vhd
    Info: Found design unit 1: hexdecoder-RTL2
    Info: Found entity 1: hexdecoder
Info: Found 2 design units, including 1 entities, in source file DE2_TOP.vhd
    Info: Found design unit 1: DE2_TOP-datapath
    Info: Found entity 1: DE2_TOP
Info: Found 2 design units, including 1 entities, in source file ctrl.vhd
    Info: Found design unit 1: ctrl-ctrlArch
    Info: Found entity 1: ctrl
Info: Elaborating entity "DE2_TOP" for the top level hierarchy
Info: Elaborating entity "lab1" for hierarchy "lab1:U1"
Info: Elaborating entity "ctrl" for hierarchy "lab1:U1|ctrl:ctrlUnit"
Info: Elaborating entity "raminfr" for hierarchy "lab1:U1|raminfr:raminfrUnit"
Info: Elaborating entity "hexdecoder" for hierarchy "lab1:U1|hexdecoder:hexdec6"
Info: Inferred 1 megafunctions from design logic
    Info: Inferred altsyncram megafunction from the following design logic: "lab1:U1|raminfr:raminfrUnit|RAM~13" 
        Info: Parameter OPERATION_MODE set to SINGLE_PORT
        Info: Parameter WIDTH_A set to 8
        Info: Parameter WIDTHAD_A set to 4
        Info: Parameter NUMWORDS_A set to 16
        Info: Parameter OUTDATA_REG_A set to UNREGISTERED
        Info: Parameter ADDRESS_ACLR_A set to NONE
        Info: Parameter OUTDATA_ACLR_A set to NONE
        Info: Parameter INDATA_ACLR_A set to NONE
        Info: Parameter WRCONTROL_ACLR_A set to NONE
        Info: Parameter RAM_BLOCK_TYPE set to AUTO
        Info: Parameter INIT_FILE set to db/ram0_raminfr_80fe29f.hdl.mif
Info: Found 1 design units, including 1 entities, in source file /opt/altera/altera7.2/quartus/libraries/megafunctions/altsyncram.tdf
    Info: Found entity 1: altsyncram
Info: Elaborated megafunction instantiation "lab1:U1|raminfr:raminfrUnit|altsyncram:RAM_rtl_0"
Info: Found 1 design units, including 1 entities, in source file db/altsyncram_i2a1.tdf
    Info: Found entity 1: altsyncram_i2a1
Warning: Output pins are stuck at VCC or GND
    Warning (13410): Pin "HEX0[0]" stuck at VCC
    Warning (13410): Pin "HEX0[1]" stuck at VCC
    Warning (13410): Pin "HEX0[2]" stuck at VCC
    Warning (13410): Pin "HEX0[3]" stuck at VCC
    Warning (13410): Pin "HEX0[4]" stuck at VCC
    Warning (13410): Pin "HEX0[5]" stuck at VCC
    Warning (13410): Pin "HEX0[6]" stuck at VCC
    Warning (13410): Pin "HEX1[0]" stuck at VCC
    Warning (13410): Pin "HEX1[1]" stuck at VCC
    Warning (13410): Pin "HEX1[2]" stuck at VCC
    Warning (13410): Pin "HEX1[3]" stuck at VCC
    Warning (13410): Pin "HEX1[4]" stuck at VCC
    Warning (13410): Pin "HEX1[5]" stuck at VCC
    Warning (13410): Pin "HEX1[6]" stuck at VCC
    Warning (13410): Pin "HEX2[0]" stuck at VCC
    Warning (13410): Pin "HEX2[1]" stuck at VCC
    Warning (13410): Pin "HEX2[2]" stuck at VCC
    Warning (13410): Pin "HEX2[3]" stuck at VCC
    Warning (13410): Pin "HEX2[4]" stuck at VCC
    Warning (13410): Pin "HEX2[5]" stuck at VCC
    Warning (13410): Pin "HEX2[6]" stuck at VCC
    Warning (13410): Pin "HEX3[0]" stuck at VCC
    Warning (13410): Pin "HEX3[1]" stuck at VCC
    Warning (13410): Pin "HEX3[2]" stuck at VCC
    Warning (13410): Pin "HEX3[3]" stuck at VCC
    Warning (13410): Pin "HEX3[4]" stuck at VCC
    Warning (13410): Pin "HEX3[5]" stuck at VCC
    Warning (13410): Pin "HEX3[6]" stuck at VCC
    Warning (13410): Pin "HEX7[0]" stuck at VCC
    Warning (13410): Pin "HEX7[1]" stuck at VCC
    Warning (13410): Pin "HEX7[2]" stuck at VCC
    Warning (13410): Pin "HEX7[3]" stuck at VCC
    Warning (13410): Pin "HEX7[4]" stuck at VCC
    Warning (13410): Pin "HEX7[5]" stuck at VCC
    Warning (13410): Pin "HEX7[6]" stuck at VCC
    Warning (13410): Pin "LEDG[0]" stuck at GND
    Warning (13410): Pin "LEDG[1]" stuck at GND
    Warning (13410): Pin "LEDG[2]" stuck at GND
    Warning (13410): Pin "LEDG[3]" stuck at GND
    Warning (13410): Pin "LEDG[4]" stuck at GND
    Warning (13410): Pin "LEDG[5]" stuck at GND
    Warning (13410): Pin "LEDG[6]" stuck at GND
    Warning (13410): Pin "LEDG[7]" stuck at GND
    Warning (13410): Pin "LEDG[8]" stuck at GND
    Warning (13410): Pin "LEDR[0]" stuck at GND
    Warning (13410): Pin "LEDR[1]" stuck at GND
    Warning (13410): Pin "LEDR[2]" stuck at GND
    Warning (13410): Pin "LEDR[3]" stuck at GND
    Warning (13410): Pin "LEDR[4]" stuck at GND
    Warning (13410): Pin "LEDR[5]" stuck at GND
    Warning (13410): Pin "LEDR[6]" stuck at GND
    Warning (13410): Pin "LEDR[7]" stuck at GND
    Warning (13410): Pin "LEDR[8]" stuck at GND
    Warning (13410): Pin "LEDR[9]" stuck at GND
    Warning (13410): Pin "LEDR[10]" stuck at GND
    Warning (13410): Pin "LEDR[11]" stuck at GND
    Warning (13410): Pin "LEDR[12]" stuck at GND
    Warning (13410): Pin "LEDR[13]" stuck at GND
    Warning (13410): Pin "LEDR[14]" stuck at GND
    Warning (13410): Pin "LEDR[15]" stuck at GND
    Warning (13410): Pin "LEDR[16]" stuck at GND
    Warning (13410): Pin "LEDR[17]" stuck at GND
    Warning (13410): Pin "UART_TXD" stuck at GND
    Warning (13410): Pin "IRDA_TXD" stuck at GND
    Warning (13410): Pin "DRAM_ADDR[0]" stuck at GND
    Warning (13410): Pin "DRAM_ADDR[1]" stuck at GND
    Warning (13410): Pin "DRAM_ADDR[2]" stuck at GND
    Warning (13410): Pin "DRAM_ADDR[3]" stuck at GND
    Warning (13410): Pin "DRAM_ADDR[4]" stuck at GND
    Warning (13410): Pin "DRAM_ADDR[5]" stuck at GND
    Warning (13410): Pin "DRAM_ADDR[6]" stuck at GND
    Warning (13410): Pin "DRAM_ADDR[7]" stuck at GND
    Warning (13410): Pin "DRAM_ADDR[8]" stuck at GND
    Warning (13410): Pin "DRAM_ADDR[9]" stuck at GND
    Warning (13410): Pin "DRAM_ADDR[10]" stuck at GND
    Warning (13410): Pin "DRAM_ADDR[11]" stuck at GND
    Warning (13410): Pin "DRAM_LDQM" stuck at GND
    Warning (13410): Pin "DRAM_UDQM" stuck at GND
    Warning (13410): Pin "DRAM_WE_N" stuck at VCC
    Warning (13410): Pin "DRAM_CAS_N" stuck at VCC
    Warning (13410): Pin "DRAM_RAS_N" stuck at VCC
    Warning (13410): Pin "DRAM_CS_N" stuck at VCC
    Warning (13410): Pin "DRAM_BA_0" stuck at GND
    Warning (13410): Pin "DRAM_BA_1" stuck at GND
    Warning (13410): Pin "DRAM_CLK" stuck at GND
    Warning (13410): Pin "DRAM_CKE" stuck at GND
    Warning (13410): Pin "FL_ADDR[0]" stuck at GND
    Warning (13410): Pin "FL_ADDR[1]" stuck at GND
    Warning (13410): Pin "FL_ADDR[2]" stuck at GND
    Warning (13410): Pin "FL_ADDR[3]" stuck at GND
    Warning (13410): Pin "FL_ADDR[4]" stuck at GND
    Warning (13410): Pin "FL_ADDR[5]" stuck at GND
    Warning (13410): Pin "FL_ADDR[6]" stuck at GND
    Warning (13410): Pin "FL_ADDR[7]" stuck at GND
    Warning (13410): Pin "FL_ADDR[8]" stuck at GND
    Warning (13410): Pin "FL_ADDR[9]" stuck at GND
    Warning (13410): Pin "FL_ADDR[10]" stuck at GND
    Warning (13410): Pin "FL_ADDR[11]" stuck at GND
    Warning (13410): Pin "FL_ADDR[12]" stuck at GND
    Warning (13410): Pin "FL_ADDR[13]" stuck at GND
    Warning (13410): Pin "FL_ADDR[14]" stuck at GND
    Warning (13410): Pin "FL_ADDR[15]" stuck at GND
    Warning (13410): Pin "FL_ADDR[16]" stuck at GND
    Warning (13410): Pin "FL_ADDR[17]" stuck at GND
    Warning (13410): Pin "FL_ADDR[18]" stuck at GND
    Warning (13410): Pin "FL_ADDR[19]" stuck at GND
    Warning (13410): Pin "FL_ADDR[20]" stuck at GND
    Warning (13410): Pin "FL_ADDR[21]" stuck at GND
    Warning (13410): Pin "FL_WE_N" stuck at VCC
    Warning (13410): Pin "FL_RST_N" stuck at GND
    Warning (13410): Pin "FL_OE_N" stuck at VCC
    Warning (13410): Pin "FL_CE_N" stuck at VCC
    Warning (13410): Pin "SRAM_ADDR[0]" stuck at GND
    Warning (13410): Pin "SRAM_ADDR[1]" stuck at GND
    Warning (13410): Pin "SRAM_ADDR[2]" stuck at GND
    Warning (13410): Pin "SRAM_ADDR[3]" stuck at GND
    Warning (13410): Pin "SRAM_ADDR[4]" stuck at GND
    Warning (13410): Pin "SRAM_ADDR[5]" stuck at GND
    Warning (13410): Pin "SRAM_ADDR[6]" stuck at GND
    Warning (13410): Pin "SRAM_ADDR[7]" stuck at GND
    Warning (13410): Pin "SRAM_ADDR[8]" stuck at GND
    Warning (13410): Pin "SRAM_ADDR[9]" stuck at GND
    Warning (13410): Pin "SRAM_ADDR[10]" stuck at GND
    Warning (13410): Pin "SRAM_ADDR[11]" stuck at GND
    Warning (13410): Pin "SRAM_ADDR[12]" stuck at GND
    Warning (13410): Pin "SRAM_ADDR[13]" stuck at GND
    Warning (13410): Pin "SRAM_ADDR[14]" stuck at GND
    Warning (13410): Pin "SRAM_ADDR[15]" stuck at GND
    Warning (13410): Pin "SRAM_ADDR[16]" stuck at GND
    Warning (13410): Pin "SRAM_ADDR[17]" stuck at GND
    Warning (13410): Pin "SRAM_UB_N" stuck at VCC
    Warning (13410): Pin "SRAM_LB_N" stuck at VCC
    Warning (13410): Pin "SRAM_WE_N" stuck at VCC
    Warning (13410): Pin "SRAM_CE_N" stuck at VCC
    Warning (13410): Pin "SRAM_OE_N" stuck at VCC
    Warning (13410): Pin "OTG_ADDR[0]" stuck at GND
    Warning (13410): Pin "OTG_ADDR[1]" stuck at GND
    Warning (13410): Pin "OTG_CS_N" stuck at VCC
    Warning (13410): Pin "OTG_RD_N" stuck at VCC
    Warning (13410): Pin "OTG_WR_N" stuck at VCC
    Warning (13410): Pin "OTG_RST_N" stuck at VCC
    Warning (13410): Pin "OTG_FSPEED" stuck at VCC
    Warning (13410): Pin "OTG_LSPEED" stuck at VCC
    Warning (13410): Pin "OTG_DACK0_N" stuck at VCC
    Warning (13410): Pin "OTG_DACK1_N" stuck at VCC
    Warning (13410): Pin "LCD_ON" stuck at VCC
    Warning (13410): Pin "LCD_BLON" stuck at VCC
    Warning (13410): Pin "LCD_RW" stuck at VCC
    Warning (13410): Pin "LCD_EN" stuck at GND
    Warning (13410): Pin "LCD_RS" stuck at GND
    Warning (13410): Pin "SD_DAT3" stuck at VCC
    Warning (13410): Pin "SD_CMD" stuck at VCC
    Warning (13410): Pin "SD_CLK" stuck at VCC
    Warning (13410): Pin "TDO" stuck at GND
    Warning (13410): Pin "I2C_SCLK" stuck at GND
    Warning (13410): Pin "VGA_CLK" stuck at GND
    Warning (13410): Pin "VGA_HS" stuck at GND
    Warning (13410): Pin "VGA_VS" stuck at GND
    Warning (13410): Pin "VGA_BLANK" stuck at GND
    Warning (13410): Pin "VGA_SYNC" stuck at GND
    Warning (13410): Pin "VGA_R[0]" stuck at GND
    Warning (13410): Pin "VGA_R[1]" stuck at GND
    Warning (13410): Pin "VGA_R[2]" stuck at GND
    Warning (13410): Pin "VGA_R[3]" stuck at GND
    Warning (13410): Pin "VGA_R[4]" stuck at GND
    Warning (13410): Pin "VGA_R[5]" stuck at GND
    Warning (13410): Pin "VGA_R[6]" stuck at GND
    Warning (13410): Pin "VGA_R[7]" stuck at GND
    Warning (13410): Pin "VGA_R[8]" stuck at GND
    Warning (13410): Pin "VGA_R[9]" stuck at GND
    Warning (13410): Pin "VGA_G[0]" stuck at GND
    Warning (13410): Pin "VGA_G[1]" stuck at GND
    Warning (13410): Pin "VGA_G[2]" stuck at GND
    Warning (13410): Pin "VGA_G[3]" stuck at GND
    Warning (13410): Pin "VGA_G[4]" stuck at GND
    Warning (13410): Pin "VGA_G[5]" stuck at GND
    Warning (13410): Pin "VGA_G[6]" stuck at GND
    Warning (13410): Pin "VGA_G[7]" stuck at GND
    Warning (13410): Pin "VGA_G[8]" stuck at GND
    Warning (13410): Pin "VGA_G[9]" stuck at GND
    Warning (13410): Pin "VGA_B[0]" stuck at GND
    Warning (13410): Pin "VGA_B[1]" stuck at GND
    Warning (13410): Pin "VGA_B[2]" stuck at GND
    Warning (13410): Pin "VGA_B[3]" stuck at GND
    Warning (13410): Pin "VGA_B[4]" stuck at GND
    Warning (13410): Pin "VGA_B[5]" stuck at GND
    Warning (13410): Pin "VGA_B[6]" stuck at GND
    Warning (13410): Pin "VGA_B[7]" stuck at GND
    Warning (13410): Pin "VGA_B[8]" stuck at GND
    Warning (13410): Pin "VGA_B[9]" stuck at GND
    Warning (13410): Pin "ENET_CMD" stuck at GND
    Warning (13410): Pin "ENET_CS_N" stuck at VCC
    Warning (13410): Pin "ENET_WR_N" stuck at VCC
    Warning (13410): Pin "ENET_RD_N" stuck at VCC
    Warning (13410): Pin "ENET_RST_N" stuck at VCC
    Warning (13410): Pin "ENET_CLK" stuck at GND
    Warning (13410): Pin "AUD_DACDAT" stuck at GND
    Warning (13410): Pin "AUD_XCK" stuck at GND
    Warning (13410): Pin "TD_RESET" stuck at GND
Warning: Design contains 44 input pin(s) that do not drive logic
    Warning (15610): No output dependent on input pin "CLOCK_27"
    Warning (15610): No output dependent on input pin "EXT_CLOCK"
    Warning (15610): No output dependent on input pin "SW[0]"
    Warning (15610): No output dependent on input pin "SW[1]"
    Warning (15610): No output dependent on input pin "SW[2]"
    Warning (15610): No output dependent on input pin "SW[3]"
    Warning (15610): No output dependent on input pin "SW[4]"
    Warning (15610): No output dependent on input pin "SW[5]"
    Warning (15610): No output dependent on input pin "SW[6]"
    Warning (15610): No output dependent on input pin "SW[7]"
    Warning (15610): No output dependent on input pin "SW[8]"
    Warning (15610): No output dependent on input pin "SW[9]"
    Warning (15610): No output dependent on input pin "SW[10]"
    Warning (15610): No output dependent on input pin "SW[11]"
    Warning (15610): No output dependent on input pin "SW[12]"
    Warning (15610): No output dependent on input pin "SW[13]"
    Warning (15610): No output dependent on input pin "SW[14]"
    Warning (15610): No output dependent on input pin "SW[15]"
    Warning (15610): No output dependent on input pin "SW[16]"
    Warning (15610): No output dependent on input pin "SW[17]"
    Warning (15610): No output dependent on input pin "UART_RXD"
    Warning (15610): No output dependent on input pin "IRDA_RXD"
    Warning (15610): No output dependent on input pin "OTG_INT0"
    Warning (15610): No output dependent on input pin "OTG_INT1"
    Warning (15610): No output dependent on input pin "OTG_DREQ0"
    Warning (15610): No output dependent on input pin "OTG_DREQ1"
    Warning (15610): No output dependent on input pin "SD_DAT"
    Warning (15610): No output dependent on input pin "TDI"
    Warning (15610): No output dependent on input pin "TCK"
    Warning (15610): No output dependent on input pin "TCS"
    Warning (15610): No output dependent on input pin "PS2_DAT"
    Warning (15610): No output dependent on input pin "PS2_CLK"
    Warning (15610): No output dependent on input pin "ENET_INT"
    Warning (15610): No output dependent on input pin "AUD_ADCDAT"
    Warning (15610): No output dependent on input pin "TD_DATA[0]"
    Warning (15610): No output dependent on input pin "TD_DATA[1]"
    Warning (15610): No output dependent on input pin "TD_DATA[2]"
    Warning (15610): No output dependent on input pin "TD_DATA[3]"
    Warning (15610): No output dependent on input pin "TD_DATA[4]"
    Warning (15610): No output dependent on input pin "TD_DATA[5]"
    Warning (15610): No output dependent on input pin "TD_DATA[6]"
    Warning (15610): No output dependent on input pin "TD_DATA[7]"
    Warning (15610): No output dependent on input pin "TD_HS"
    Warning (15610): No output dependent on input pin "TD_VS"
Info: Implemented 488 device resources after synthesis - the final resource count might be different
    Info: Implemented 49 input pins
    Info: Implemented 220 output pins
    Info: Implemented 156 bidirectional pins
    Info: Implemented 55 logic cells
    Info: Implemented 8 RAM segments
Info: Quartus II Analysis & Synthesis was successful. 0 errors, 245 warnings
    Info: Processing ended: Wed Feb 15 22:47:03 2012
    Info: Elapsed time: 00:00:03


